<?xml version="1.0" encoding="UTF-8"?>
<testsuite name="SeamCarvingTest" tests="1" skipped="0" failures="0" errors="0" timestamp="2021-11-20T20:54:11" hostname="LAPTOP-NT9VJI7C" time="43.592">
  <properties/>
  <testcase name="start" classname="SeamCarvingTest" time="43.592"/>
  <system-out><![CDATA[?[1;31m
Start test 1?[0m
?[1;31m
Start test 2?[0m
?[1;31m
Start test 3?[0m
]]></system-out>
  <system-err><![CDATA[]]></system-err>
</testsuite>
